<?xml version="1.0" encoding="UTF-8"?>
<testsuite name="co.edu.udea.pexshop.integration.domain.user.service.UserServiceImplementedSpec" tests="2" skipped="0" failures="0" errors="0" timestamp="2021-09-20T02:19:24" hostname="ESTEBAN" time="1.361">
  <properties/>
  <testcase name="getUserByName()" classname="co.edu.udea.pexshop.integration.domain.user.service.UserServiceImplementedSpec" time="1.039"/>
  <testcase name="testPasswordEncorder()" classname="co.edu.udea.pexshop.integration.domain.user.service.UserServiceImplementedSpec" time="0.32"/>
  <system-out><![CDATA[21:19:12.150 [Test worker] DEBUG org.springframework.test.context.BootstrapUtils - Instantiating CacheAwareContextLoaderDelegate from class [org.springframework.test.context.cache.DefaultCacheAwareContextLoaderDelegate]
21:19:12.166 [Test worker] DEBUG org.springframework.test.context.BootstrapUtils - Instantiating BootstrapContext using constructor [public org.springframework.test.context.support.DefaultBootstrapContext(java.lang.Class,org.springframework.test.context.CacheAwareContextLoaderDelegate)]
21:19:12.214 [Test worker] DEBUG org.springframework.test.context.BootstrapUtils - Instantiating TestContextBootstrapper for test class [co.edu.udea.pexshop.integration.domain.user.service.UserServiceImplementedSpec] from class [org.springframework.boot.test.context.SpringBootTestContextBootstrapper]
21:19:12.227 [Test worker] INFO org.springframework.boot.test.context.SpringBootTestContextBootstrapper - Neither @ContextConfiguration nor @ContextHierarchy found for test class [co.edu.udea.pexshop.integration.domain.user.service.UserServiceImplementedSpec], using SpringBootContextLoader
21:19:12.232 [Test worker] DEBUG org.springframework.test.context.support.AbstractContextLoader - Did not detect default resource location for test class [co.edu.udea.pexshop.integration.domain.user.service.UserServiceImplementedSpec]: class path resource [co/edu/udea/pexshop/integration/domain/user/service/UserServiceImplementedSpec-context.xml] does not exist
21:19:12.232 [Test worker] DEBUG org.springframework.test.context.support.AbstractContextLoader - Did not detect default resource location for test class [co.edu.udea.pexshop.integration.domain.user.service.UserServiceImplementedSpec]: class path resource [co/edu/udea/pexshop/integration/domain/user/service/UserServiceImplementedSpecContext.groovy] does not exist
21:19:12.233 [Test worker] INFO org.springframework.test.context.support.AbstractContextLoader - Could not detect default resource locations for test class [co.edu.udea.pexshop.integration.domain.user.service.UserServiceImplementedSpec]: no resource found for suffixes {-context.xml, Context.groovy}.
21:19:12.234 [Test worker] INFO org.springframework.test.context.support.AnnotationConfigContextLoaderUtils - Could not detect default configuration classes for test class [co.edu.udea.pexshop.integration.domain.user.service.UserServiceImplementedSpec]: UserServiceImplementedSpec does not declare any static, non-private, non-final, nested classes annotated with @Configuration.
21:19:12.309 [Test worker] DEBUG org.springframework.test.context.support.ActiveProfilesUtils - Could not find an 'annotation declaring class' for annotation type [org.springframework.test.context.ActiveProfiles] and class [co.edu.udea.pexshop.integration.domain.user.service.UserServiceImplementedSpec]
21:19:12.384 [Test worker] DEBUG org.springframework.context.annotation.ClassPathScanningCandidateComponentProvider - Identified candidate component class: file [C:\Users\esteb\Desktop\pexshop\build\classes\java\main\co\edu\udea\pexshop\PexshopApplication.class]
21:19:12.387 [Test worker] INFO org.springframework.boot.test.context.SpringBootTestContextBootstrapper - Found @SpringBootConfiguration co.edu.udea.pexshop.PexshopApplication for test class co.edu.udea.pexshop.integration.domain.user.service.UserServiceImplementedSpec
21:19:12.508 [Test worker] DEBUG org.springframework.boot.test.context.SpringBootTestContextBootstrapper - @TestExecutionListeners is not present for class [co.edu.udea.pexshop.integration.domain.user.service.UserServiceImplementedSpec]: using defaults.
21:19:12.509 [Test worker] INFO org.springframework.boot.test.context.SpringBootTestContextBootstrapper - Loaded default TestExecutionListener class names from location [META-INF/spring.factories]: [org.springframework.boot.test.autoconfigure.restdocs.RestDocsTestExecutionListener, org.springframework.boot.test.autoconfigure.web.client.MockRestServiceServerResetTestExecutionListener, org.springframework.boot.test.autoconfigure.web.servlet.MockMvcPrintOnlyOnFailureTestExecutionListener, org.springframework.boot.test.autoconfigure.web.servlet.WebDriverTestExecutionListener, org.springframework.boot.test.autoconfigure.webservices.client.MockWebServiceServerTestExecutionListener, org.springframework.boot.test.mock.mockito.MockitoTestExecutionListener, org.springframework.boot.test.mock.mockito.ResetMocksTestExecutionListener, org.springframework.test.context.web.ServletTestExecutionListener, org.springframework.test.context.support.DirtiesContextBeforeModesTestExecutionListener, org.springframework.test.context.event.ApplicationEventsTestExecutionListener, org.springframework.test.context.support.DependencyInjectionTestExecutionListener, org.springframework.test.context.support.DirtiesContextTestExecutionListener, org.springframework.test.context.transaction.TransactionalTestExecutionListener, org.springframework.test.context.jdbc.SqlScriptsTestExecutionListener, org.springframework.test.context.event.EventPublishingTestExecutionListener]
21:19:12.543 [Test worker] INFO org.springframework.boot.test.context.SpringBootTestContextBootstrapper - Using TestExecutionListeners: [org.springframework.test.context.web.ServletTestExecutionListener@62fabe99, org.springframework.test.context.support.DirtiesContextBeforeModesTestExecutionListener@3ae39a46, org.springframework.test.context.event.ApplicationEventsTestExecutionListener@6e99d741, org.springframework.boot.test.mock.mockito.MockitoTestExecutionListener@73eb51c9, org.springframework.boot.test.autoconfigure.SpringBootDependencyInjectionTestExecutionListener@44d2375b, org.springframework.test.context.support.DirtiesContextTestExecutionListener@62c5b42d, org.springframework.test.context.transaction.TransactionalTestExecutionListener@424654eb, org.springframework.test.context.jdbc.SqlScriptsTestExecutionListener@6b8a2073, org.springframework.test.context.event.EventPublishingTestExecutionListener@3eb7bab6, org.springframework.boot.test.autoconfigure.restdocs.RestDocsTestExecutionListener@711c1591, org.springframework.boot.test.autoconfigure.web.client.MockRestServiceServerResetTestExecutionListener@18df655, org.springframework.boot.test.autoconfigure.web.servlet.MockMvcPrintOnlyOnFailureTestExecutionListener@3bbec7af, org.springframework.boot.test.autoconfigure.web.servlet.WebDriverTestExecutionListener@38dfb864, org.springframework.boot.test.autoconfigure.webservices.client.MockWebServiceServerTestExecutionListener@29fe8273, org.springframework.boot.test.mock.mockito.ResetMocksTestExecutionListener@47afe647]
21:19:12.550 [Test worker] DEBUG org.springframework.test.context.support.AbstractDirtiesContextTestExecutionListener - Before test class: context [DefaultTestContext@2296a7af testClass = UserServiceImplementedSpec, testInstance = [null], testMethod = [null], testException = [null], mergedContextConfiguration = [WebMergedContextConfiguration@3f307c3e testClass = UserServiceImplementedSpec, locations = '{}', classes = '{class co.edu.udea.pexshop.PexshopApplication}', contextInitializerClasses = '[]', activeProfiles = '{}', propertySourceLocations = '{}', propertySourceProperties = '{org.springframework.boot.test.context.SpringBootTestContextBootstrapper=true}', contextCustomizers = set[org.springframework.boot.test.autoconfigure.actuate.metrics.MetricsExportContextCustomizerFactory$DisableMetricExportContextCustomizer@7c6976a, org.springframework.boot.test.autoconfigure.properties.PropertyMappingContextCustomizer@0, org.springframework.boot.test.autoconfigure.web.servlet.WebDriverContextCustomizerFactory$Customizer@1beb3790, org.springframework.boot.test.context.filter.ExcludeFilterContextCustomizer@2ac2add5, org.springframework.boot.test.json.DuplicateJsonObjectContextCustomizerFactory$DuplicateJsonObjectContextCustomizer@5bff9526, org.springframework.boot.test.mock.mockito.MockitoContextCustomizer@0, org.springframework.boot.test.web.client.TestRestTemplateContextCustomizer@672382a9, org.springframework.boot.test.context.SpringBootTestArgs@1, org.springframework.boot.test.context.SpringBootTestWebEnvironment@262b85da], resourceBasePath = 'src/main/webapp', contextLoader = 'org.springframework.boot.test.context.SpringBootContextLoader', parent = [null]], attributes = map['org.springframework.test.context.web.ServletTestExecutionListener.activateListener' -> true]], class annotated with @DirtiesContext [false] with mode [null].
21:19:12.596 [Test worker] DEBUG org.springframework.test.context.support.TestPropertySourceUtils - Adding inlined properties to environment: {spring.jmx.enabled=false, org.springframework.boot.test.context.SpringBootTestContextBootstrapper=true}

  .   ____          _            __ _ _
 /\\ / ___'_ __ _ _(_)_ __  __ _ \ \ \ \
( ( )\___ | '_ | '_| | '_ \/ _` | \ \ \ \
 \\/  ___)| |_)| | | | | || (_| |  ) ) ) )
  '  |____| .__|_| |_|_| |_\__, | / / / /
 =========|_|==============|___/=/_/_/_/
 :: Spring Boot ::                (v2.5.4)

2021-09-19 21:19:13.018  INFO 16032 --- [    Test worker] e.u.p.i.d.u.s.UserServiceImplementedSpec : Starting UserServiceImplementedSpec using Java 16.0.2 on Esteban with PID 16032 (started by esteb in C:\Users\esteb\Desktop\pexshop)
2021-09-19 21:19:13.033  INFO 16032 --- [    Test worker] e.u.p.i.d.u.s.UserServiceImplementedSpec : No active profile set, falling back to default profiles: default
2021-09-19 21:19:14.262  INFO 16032 --- [    Test worker] .s.d.r.c.RepositoryConfigurationDelegate : Bootstrapping Spring Data JPA repositories in DEFAULT mode.
2021-09-19 21:19:14.406  INFO 16032 --- [    Test worker] .s.d.r.c.RepositoryConfigurationDelegate : Finished Spring Data repository scanning in 126 ms. Found 6 JPA repository interfaces.
2021-09-19 21:19:14.551  INFO 16032 --- [    Test worker] o.s.c.a.ConfigurationClassPostProcessor  : Cannot enhance @Configuration bean definition 'org.springframework.security.oauth2.config.annotation.web.configuration.AuthorizationServerEndpointsConfiguration$TokenKeyEndpointRegistrar' since its singleton instance has been created too early. The typical cause is a non-static @Bean method with a BeanDefinitionRegistryPostProcessor return type: Consider declaring such methods as 'static'.
2021-09-19 21:19:15.181  INFO 16032 --- [    Test worker] o.hibernate.jpa.internal.util.LogHelper  : HHH000204: Processing PersistenceUnitInfo [name: default]
2021-09-19 21:19:15.263  INFO 16032 --- [    Test worker] org.hibernate.Version                    : HHH000412: Hibernate ORM core version 5.4.32.Final
2021-09-19 21:19:15.472  INFO 16032 --- [    Test worker] o.hibernate.annotations.common.Version   : HCANN000001: Hibernate Commons Annotations {5.1.2.Final}
2021-09-19 21:19:15.608  INFO 16032 --- [    Test worker] com.zaxxer.hikari.HikariDataSource       : HikariPool-1 - Starting...
2021-09-19 21:19:17.959  INFO 16032 --- [    Test worker] com.zaxxer.hikari.HikariDataSource       : HikariPool-1 - Start completed.
2021-09-19 21:19:17.997  INFO 16032 --- [    Test worker] org.hibernate.dialect.Dialect            : HHH000400: Using dialect: org.hibernate.dialect.MySQL55Dialect
2021-09-19 21:19:21.726  INFO 16032 --- [    Test worker] o.h.e.t.j.p.i.JtaPlatformInitiator       : HHH000490: Using JtaPlatform implementation: [org.hibernate.engine.transaction.jta.platform.internal.NoJtaPlatform]
2021-09-19 21:19:21.735  INFO 16032 --- [    Test worker] j.LocalContainerEntityManagerFactoryBean : Initialized JPA EntityManagerFactory for persistence unit 'default'
2021-09-19 21:19:21.843  WARN 16032 --- [    Test worker] JpaBaseConfiguration$JpaWebConfiguration : spring.jpa.open-in-view is enabled by default. Therefore, database queries may be performed during view rendering. Explicitly configure spring.jpa.open-in-view to disable this warning
2021-09-19 21:19:22.775  WARN 16032 --- [    Test worker] o.s.s.o.p.t.s.JwtAccessTokenConverter    : Unable to create an RSA verifier from verifierKey (ignoreable if using MAC)
2021-09-19 21:19:23.804  INFO 16032 --- [    Test worker] o.s.b.a.h2.H2ConsoleAutoConfiguration    : H2 console available at '/h2-console'. Database available at 'jdbc:mysql://backdbguarderia.mysql.database.azure.com:3306/guarderia?useSSL=TRUE&requireSSL=FALSE&serverTimezone=UTC'
2021-09-19 21:19:24.566  INFO 16032 --- [    Test worker] o.s.s.web.DefaultSecurityFilterChain     : Will secure Or [Ant [pattern='/oauth/token'], Ant [pattern='/oauth/token_key'], Ant [pattern='/oauth/check_token']] with [org.springframework.security.web.context.request.async.WebAsyncManagerIntegrationFilter@4a302636, org.springframework.security.web.context.SecurityContextPersistenceFilter@54530951, org.springframework.security.web.header.HeaderWriterFilter@1e8ae339, org.springframework.security.web.authentication.logout.LogoutFilter@29ef82c0, org.springframework.security.web.authentication.www.BasicAuthenticationFilter@63553e40, org.springframework.security.web.savedrequest.RequestCacheAwareFilter@760d65bf, org.springframework.security.web.servletapi.SecurityContextHolderAwareRequestFilter@636267bc, org.springframework.security.web.authentication.AnonymousAuthenticationFilter@3155237d, org.springframework.security.web.session.SessionManagementFilter@372136a2, org.springframework.security.web.access.ExceptionTranslationFilter@7cabc433, org.springframework.security.web.access.intercept.FilterSecurityInterceptor@430811af]
2021-09-19 21:19:24.586  INFO 16032 --- [    Test worker] o.s.s.web.DefaultSecurityFilterChain     : Will secure Or [org.springframework.security.oauth2.config.annotation.web.configuration.ResourceServerConfiguration$NotOAuthRequestMatcher@48a94f93] with [org.springframework.security.web.context.request.async.WebAsyncManagerIntegrationFilter@6d4b8f3d, org.springframework.security.web.context.SecurityContextPersistenceFilter@58f52547, org.springframework.security.web.header.HeaderWriterFilter@24c1c777, org.springframework.web.filter.CorsFilter@740a104, org.springframework.security.web.authentication.logout.LogoutFilter@1107a6ce, org.springframework.security.oauth2.provider.authentication.OAuth2AuthenticationProcessingFilter@2c59197a, org.springframework.security.web.savedrequest.RequestCacheAwareFilter@2665ea48, org.springframework.security.web.servletapi.SecurityContextHolderAwareRequestFilter@cb56b8c, org.springframework.security.web.authentication.AnonymousAuthenticationFilter@ee7281a, org.springframework.security.web.session.SessionManagementFilter@75a32a79, org.springframework.security.web.access.ExceptionTranslationFilter@217be2ab, org.springframework.security.web.access.intercept.FilterSecurityInterceptor@70735252]
2021-09-19 21:19:24.617  INFO 16032 --- [    Test worker] o.s.s.web.DefaultSecurityFilterChain     : Will secure any request with [org.springframework.security.web.context.request.async.WebAsyncManagerIntegrationFilter@26b1fe24, org.springframework.security.web.context.SecurityContextPersistenceFilter@239be9a5, org.springframework.security.web.header.HeaderWriterFilter@14b25e8d, org.springframework.security.web.csrf.CsrfFilter@6c0c0d43, org.springframework.security.web.authentication.logout.LogoutFilter@1635c669, org.springframework.security.web.authentication.UsernamePasswordAuthenticationFilter@39bd772b, org.springframework.security.web.authentication.ui.DefaultLoginPageGeneratingFilter@2da2f881, org.springframework.security.web.authentication.ui.DefaultLogoutPageGeneratingFilter@60a29717, org.springframework.security.web.authentication.www.BasicAuthenticationFilter@2e61cde0, org.springframework.security.web.savedrequest.RequestCacheAwareFilter@7a6c6da8, org.springframework.security.web.servletapi.SecurityContextHolderAwareRequestFilter@7c2c025e, org.springframework.security.web.authentication.AnonymousAuthenticationFilter@6a8ac5de, org.springframework.security.web.session.SessionManagementFilter@1488bae0, org.springframework.security.web.access.ExceptionTranslationFilter@18582ed0, org.springframework.security.web.access.intercept.FilterSecurityInterceptor@8554f4d]
2021-09-19 21:19:24.760  INFO 16032 --- [    Test worker] e.u.p.i.d.u.s.UserServiceImplementedSpec : Started UserServiceImplementedSpec in 12.157 seconds (JVM running for 13.68)
Hibernate: select user0_.id as id1_5_, user0_.authentication_type as authenti2_5_, user0_.email as email3_5_, user0_.log_in_code as log_in_c4_5_, user0_.password as password5_5_, user0_.role_id as role_id7_5_, user0_.username as username6_5_ from tbl_user user0_ where user0_.username=?
2021-09-19 21:19:25.450  INFO 16032 --- [    Test worker] c.e.u.p.d.u.service.UserServiceSecure    : User found: chorro@chorro.chorro
Hibernate: select permission0_.id as id1_0_0_, permisionr1_.id as id1_1_1_, role2_.id as id1_4_2_, permission0_.description as descript2_0_0_, permisionr1_.permission_id as permissi2_1_1_, permisionr1_.role_id as role_id3_1_1_, role2_.name as name2_4_2_ from tbl_permission permission0_ inner join tbl_permission_role permisionr1_ on permission0_.id=permisionr1_.permission_id inner join tbl_role role2_ on permisionr1_.role_id=role2_.id where role2_.id=?
$2a$10$s6SwLrbr65KsSzIq2q2aj.UBzYSyCexrHIthrO2oZwyaGTVXN3mem
$2a$10$sQPKnYqfe38arT9PjYV7au1Pv6ISh/9ZWLurYrb4esbN/yxRa6ltm
$2a$10$s.N/voxWoZsD3fN.FyP5zOo.mo9JPg3HIhsrvR/0J6ggvu0.7be4C
$2a$10$0chxsmDhNlwjsUu3s1BY5Ox5tDRcVwecY.U6p7eOqoDgxOYNpBoIu
]]></system-out>
  <system-err><![CDATA[]]></system-err>
</testsuite>
